2024-05-07 04:05:40,967:WARNING:
'cuml' is a soft dependency and not included in the pycaret installation. Please run: `pip install cuml` to install.
2024-05-07 04:05:40,967:WARNING:
'cuml' is a soft dependency and not included in the pycaret installation. Please run: `pip install cuml` to install.
2024-05-07 04:05:40,967:WARNING:
'cuml' is a soft dependency and not included in the pycaret installation. Please run: `pip install cuml` to install.
2024-05-07 04:05:40,967:WARNING:
'cuml' is a soft dependency and not included in the pycaret installation. Please run: `pip install cuml` to install.
2024-05-07 04:05:41,964:INFO:Initializing load_model()
2024-05-07 04:05:41,964:INFO:load_model(model_name=classification_titanic, platform=None, authentication=None, verbose=True)
2024-05-07 04:06:08,619:INFO:Initializing load_model()
2024-05-07 04:06:08,619:INFO:load_model(model_name=classification_titanic, platform=None, authentication=None, verbose=True)
2024-05-07 04:08:43,699:INFO:Initializing load_model()
2024-05-07 04:08:43,699:INFO:load_model(model_name=classification_titanic, platform=None, authentication=None, verbose=True)
2024-05-07 04:08:44,329:WARNING:<frozen importlib._bootstrap>:241: RuntimeWarning: pyarrow.lib.Tensor size changed, may indicate binary incompatibility. Expected 64 from C header, got 80 from PyObject

2024-05-07 04:08:44,360:WARNING:C:\Users\ojhag\anaconda3\envs\test567\lib\site-packages\dask\dataframe\__init__.py:31: FutureWarning: 
Dask dataframe query planning is disabled because dask-expr is not installed.

You can install it with `pip install dask[dataframe]` or `conda install dask`.
This will raise in a future version.

  warnings.warn(msg, FutureWarning)

2024-05-07 04:08:44,612:WARNING:C:\Users\ojhag\anaconda3\envs\test567\lib\site-packages\pycaret\internal\pipeline.py:148: UserWarning: Version mismatch:
current: {'deps_info': {'pip': '23.3.1', 'setuptools': '69.5.1', 'pycaret': '3.3.2', 'IPython': '8.20.0', 'ipywidgets': '8.1.2', 'tqdm': '4.66.4', 'numpy': '1.26.4', 'pandas': '2.1.4', 'jinja2': '3.1.3', 'scipy': '1.11.4', 'joblib': '1.3.2', 'sklearn': '1.4.2', 'pyod': '1.1.3', 'imblearn': '0.12.2', 'category_encoders': '2.6.3', 'lightgbm': '4.3.0', 'numba': '0.59.1', 'requests': '2.31.0', 'matplotlib': '3.7.5', 'scikitplot': '0.3.7', 'yellowbrick': '1.5', 'plotly': '5.22.0', 'plotly-resampler': 'Not installed', 'kaleido': '0.2.1', 'schemdraw': '0.15', 'statsmodels': '0.14.2', 'sktime': '0.26.0', 'tbats': '1.1.3', 'pmdarima': '2.0.4', 'psutil': '5.9.0', 'markupsafe': '2.1.3', 'pickle5': 'Not installed', 'cloudpickle': '2.2.1', 'deprecation': '2.1.0', 'xxhash': '3.4.1', 'wurlitzer': 'Not installed'}, 'python': {'version': '3.10.14', 'machine': 'AMD64'}}
pickle: {'deps_info': {'pip': '23.1.2', 'setuptools': '67.7.2', 'pycaret': '3.3.2', 'IPython': '7.34.0', 'ipywidgets': '7.7.1', 'tqdm': '4.66.2', 'numpy': '1.25.2', 'pandas': '2.0.3', 'jinja2': '3.1.3', 'scipy': '1.11.4', 'joblib': '1.3.2', 'sklearn': '1.4.2', 'pyod': '1.1.3', 'imblearn': '0.12.2', 'category_encoders': '2.6.3', 'lightgbm': '4.1.0', 'numba': '0.58.1', 'requests': '2.31.0', 'matplotlib': '3.7.1', 'scikitplot': '0.3.7', 'yellowbrick': '1.5', 'plotly': '5.15.0', 'plotly-resampler': 'Not installed', 'kaleido': '0.2.1', 'schemdraw': '0.15', 'statsmodels': '0.14.2', 'sktime': '0.26.0', 'tbats': '1.1.3', 'pmdarima': '2.0.4', 'psutil': '5.9.5', 'markupsafe': '2.1.5', 'pickle5': 'Not installed', 'cloudpickle': '2.2.1', 'deprecation': '2.1.0', 'xxhash': '3.4.1', 'wurlitzer': '3.1.0'}, 'python': {'version': '3.10.12', 'machine': 'x86_64'}}
  warnings.warn(

2024-05-07 04:08:47,985:INFO:Initializing load_model()
2024-05-07 04:08:47,985:INFO:load_model(model_name=classification_titanic, platform=None, authentication=None, verbose=True)
2024-05-07 04:08:47,995:WARNING:C:\Users\ojhag\anaconda3\envs\test567\lib\site-packages\pycaret\internal\pipeline.py:148: UserWarning: Version mismatch:
current: {'deps_info': {'pip': '23.3.1', 'setuptools': '69.5.1', 'pycaret': '3.3.2', 'IPython': '8.20.0', 'ipywidgets': '8.1.2', 'tqdm': '4.66.4', 'numpy': '1.26.4', 'pandas': '2.1.4', 'jinja2': '3.1.3', 'scipy': '1.11.4', 'joblib': '1.3.2', 'sklearn': '1.4.2', 'pyod': '1.1.3', 'imblearn': '0.12.2', 'category_encoders': '2.6.3', 'lightgbm': '4.3.0', 'numba': '0.59.1', 'requests': '2.31.0', 'matplotlib': '3.7.5', 'scikitplot': '0.3.7', 'yellowbrick': '1.5', 'plotly': '5.22.0', 'plotly-resampler': 'Not installed', 'kaleido': '0.2.1', 'schemdraw': '0.15', 'statsmodels': '0.14.2', 'sktime': '0.26.0', 'tbats': '1.1.3', 'pmdarima': '2.0.4', 'psutil': '5.9.0', 'markupsafe': '2.1.3', 'pickle5': 'Not installed', 'cloudpickle': '2.2.1', 'deprecation': '2.1.0', 'xxhash': '3.4.1', 'wurlitzer': 'Not installed'}, 'python': {'version': '3.10.14', 'machine': 'AMD64'}}
pickle: {'deps_info': {'pip': '23.1.2', 'setuptools': '67.7.2', 'pycaret': '3.3.2', 'IPython': '7.34.0', 'ipywidgets': '7.7.1', 'tqdm': '4.66.2', 'numpy': '1.25.2', 'pandas': '2.0.3', 'jinja2': '3.1.3', 'scipy': '1.11.4', 'joblib': '1.3.2', 'sklearn': '1.4.2', 'pyod': '1.1.3', 'imblearn': '0.12.2', 'category_encoders': '2.6.3', 'lightgbm': '4.1.0', 'numba': '0.58.1', 'requests': '2.31.0', 'matplotlib': '3.7.1', 'scikitplot': '0.3.7', 'yellowbrick': '1.5', 'plotly': '5.15.0', 'plotly-resampler': 'Not installed', 'kaleido': '0.2.1', 'schemdraw': '0.15', 'statsmodels': '0.14.2', 'sktime': '0.26.0', 'tbats': '1.1.3', 'pmdarima': '2.0.4', 'psutil': '5.9.5', 'markupsafe': '2.1.5', 'pickle5': 'Not installed', 'cloudpickle': '2.2.1', 'deprecation': '2.1.0', 'xxhash': '3.4.1', 'wurlitzer': '3.1.0'}, 'python': {'version': '3.10.12', 'machine': 'x86_64'}}
  warnings.warn(

2024-05-07 04:09:39,321:INFO:Initializing load_model()
2024-05-07 04:09:39,321:INFO:load_model(model_name=classification_titanic, platform=None, authentication=None, verbose=True)
2024-05-07 04:09:39,321:WARNING:C:\Users\ojhag\anaconda3\envs\test567\lib\site-packages\pycaret\internal\pipeline.py:148: UserWarning: Version mismatch:
current: {'deps_info': {'pip': '23.3.1', 'setuptools': '69.5.1', 'pycaret': '3.3.2', 'IPython': '8.20.0', 'ipywidgets': '8.1.2', 'tqdm': '4.66.4', 'numpy': '1.26.4', 'pandas': '2.1.4', 'jinja2': '3.1.3', 'scipy': '1.11.4', 'joblib': '1.3.2', 'sklearn': '1.4.2', 'pyod': '1.1.3', 'imblearn': '0.12.2', 'category_encoders': '2.6.3', 'lightgbm': '4.3.0', 'numba': '0.59.1', 'requests': '2.31.0', 'matplotlib': '3.7.5', 'scikitplot': '0.3.7', 'yellowbrick': '1.5', 'plotly': '5.22.0', 'plotly-resampler': 'Not installed', 'kaleido': '0.2.1', 'schemdraw': '0.15', 'statsmodels': '0.14.2', 'sktime': '0.26.0', 'tbats': '1.1.3', 'pmdarima': '2.0.4', 'psutil': '5.9.0', 'markupsafe': '2.1.3', 'pickle5': 'Not installed', 'cloudpickle': '2.2.1', 'deprecation': '2.1.0', 'xxhash': '3.4.1', 'wurlitzer': 'Not installed'}, 'python': {'version': '3.10.14', 'machine': 'AMD64'}}
pickle: {'deps_info': {'pip': '23.1.2', 'setuptools': '67.7.2', 'pycaret': '3.3.2', 'IPython': '7.34.0', 'ipywidgets': '7.7.1', 'tqdm': '4.66.2', 'numpy': '1.25.2', 'pandas': '2.0.3', 'jinja2': '3.1.3', 'scipy': '1.11.4', 'joblib': '1.3.2', 'sklearn': '1.4.2', 'pyod': '1.1.3', 'imblearn': '0.12.2', 'category_encoders': '2.6.3', 'lightgbm': '4.1.0', 'numba': '0.58.1', 'requests': '2.31.0', 'matplotlib': '3.7.1', 'scikitplot': '0.3.7', 'yellowbrick': '1.5', 'plotly': '5.15.0', 'plotly-resampler': 'Not installed', 'kaleido': '0.2.1', 'schemdraw': '0.15', 'statsmodels': '0.14.2', 'sktime': '0.26.0', 'tbats': '1.1.3', 'pmdarima': '2.0.4', 'psutil': '5.9.5', 'markupsafe': '2.1.5', 'pickle5': 'Not installed', 'cloudpickle': '2.2.1', 'deprecation': '2.1.0', 'xxhash': '3.4.1', 'wurlitzer': '3.1.0'}, 'python': {'version': '3.10.12', 'machine': 'x86_64'}}
  warnings.warn(

2024-05-07 04:19:27,995:INFO:Initializing load_model()
2024-05-07 04:19:27,995:INFO:load_model(model_name=classification_titanic, platform=None, authentication=None, verbose=True)
2024-05-07 04:19:28,011:WARNING:C:\Users\ojhag\anaconda3\envs\test567\lib\site-packages\pycaret\internal\pipeline.py:148: UserWarning: Version mismatch:
current: {'deps_info': {'pip': '23.3.1', 'setuptools': '69.5.1', 'pycaret': '3.3.2', 'IPython': '8.20.0', 'ipywidgets': '8.1.2', 'tqdm': '4.66.4', 'numpy': '1.26.4', 'pandas': '2.1.4', 'jinja2': '3.1.3', 'scipy': '1.11.4', 'joblib': '1.3.2', 'sklearn': '1.4.2', 'pyod': '1.1.3', 'imblearn': '0.12.2', 'category_encoders': '2.6.3', 'lightgbm': '4.3.0', 'numba': '0.59.1', 'requests': '2.31.0', 'matplotlib': '3.7.5', 'scikitplot': '0.3.7', 'yellowbrick': '1.5', 'plotly': '5.22.0', 'plotly-resampler': 'Not installed', 'kaleido': '0.2.1', 'schemdraw': '0.15', 'statsmodels': '0.14.2', 'sktime': '0.26.0', 'tbats': '1.1.3', 'pmdarima': '2.0.4', 'psutil': '5.9.0', 'markupsafe': '2.1.3', 'pickle5': 'Not installed', 'cloudpickle': '2.2.1', 'deprecation': '2.1.0', 'xxhash': '3.4.1', 'wurlitzer': 'Not installed'}, 'python': {'version': '3.10.14', 'machine': 'AMD64'}}
pickle: {'deps_info': {'pip': '23.1.2', 'setuptools': '67.7.2', 'pycaret': '3.3.2', 'IPython': '7.34.0', 'ipywidgets': '7.7.1', 'tqdm': '4.66.2', 'numpy': '1.25.2', 'pandas': '2.0.3', 'jinja2': '3.1.3', 'scipy': '1.11.4', 'joblib': '1.3.2', 'sklearn': '1.4.2', 'pyod': '1.1.3', 'imblearn': '0.12.2', 'category_encoders': '2.6.3', 'lightgbm': '4.1.0', 'numba': '0.58.1', 'requests': '2.31.0', 'matplotlib': '3.7.1', 'scikitplot': '0.3.7', 'yellowbrick': '1.5', 'plotly': '5.15.0', 'plotly-resampler': 'Not installed', 'kaleido': '0.2.1', 'schemdraw': '0.15', 'statsmodels': '0.14.2', 'sktime': '0.26.0', 'tbats': '1.1.3', 'pmdarima': '2.0.4', 'psutil': '5.9.5', 'markupsafe': '2.1.5', 'pickle5': 'Not installed', 'cloudpickle': '2.2.1', 'deprecation': '2.1.0', 'xxhash': '3.4.1', 'wurlitzer': '3.1.0'}, 'python': {'version': '3.10.12', 'machine': 'x86_64'}}
  warnings.warn(

2024-05-07 15:48:44,040:WARNING:
'cuml' is a soft dependency and not included in the pycaret installation. Please run: `pip install cuml` to install.
2024-05-07 15:48:44,075:WARNING:
'cuml' is a soft dependency and not included in the pycaret installation. Please run: `pip install cuml` to install.
2024-05-07 15:48:44,075:WARNING:
'cuml' is a soft dependency and not included in the pycaret installation. Please run: `pip install cuml` to install.
2024-05-07 15:48:44,075:WARNING:
'cuml' is a soft dependency and not included in the pycaret installation. Please run: `pip install cuml` to install.
2024-05-07 15:48:46,217:INFO:Initializing load_model()
2024-05-07 15:48:46,218:INFO:load_model(model_name=classification_titanic, platform=None, authentication=None, verbose=True)
2024-05-07 15:48:47,685:WARNING:C:\Users\ojhag\anaconda3\envs\test567\lib\site-packages\pycaret\internal\pipeline.py:148: UserWarning: Version mismatch:
current: {'deps_info': {'pip': '23.3.1', 'setuptools': '69.5.1', 'pycaret': '3.3.2', 'IPython': '8.20.0', 'ipywidgets': '8.1.2', 'tqdm': '4.66.4', 'numpy': '1.26.4', 'pandas': '2.1.4', 'jinja2': '3.1.3', 'scipy': '1.11.4', 'joblib': '1.3.2', 'sklearn': '1.4.2', 'pyod': '1.1.3', 'imblearn': '0.12.2', 'category_encoders': '2.6.3', 'lightgbm': '4.3.0', 'numba': '0.59.1', 'requests': '2.31.0', 'matplotlib': '3.7.5', 'scikitplot': '0.3.7', 'yellowbrick': '1.5', 'plotly': '5.22.0', 'plotly-resampler': 'Not installed', 'kaleido': '0.2.1', 'schemdraw': '0.15', 'statsmodels': '0.14.2', 'sktime': '0.26.0', 'tbats': '1.1.3', 'pmdarima': '2.0.4', 'psutil': '5.9.0', 'markupsafe': '2.1.3', 'pickle5': 'Not installed', 'cloudpickle': '2.2.1', 'deprecation': '2.1.0', 'xxhash': '3.4.1', 'wurlitzer': 'Not installed'}, 'python': {'version': '3.10.14', 'machine': 'AMD64'}}
pickle: {'deps_info': {'pip': '23.1.2', 'setuptools': '67.7.2', 'pycaret': '3.3.2', 'IPython': '7.34.0', 'ipywidgets': '7.7.1', 'tqdm': '4.66.2', 'numpy': '1.25.2', 'pandas': '2.0.3', 'jinja2': '3.1.3', 'scipy': '1.11.4', 'joblib': '1.3.2', 'sklearn': '1.4.2', 'pyod': '1.1.3', 'imblearn': '0.12.2', 'category_encoders': '2.6.3', 'lightgbm': '4.1.0', 'numba': '0.58.1', 'requests': '2.31.0', 'matplotlib': '3.7.1', 'scikitplot': '0.3.7', 'yellowbrick': '1.5', 'plotly': '5.15.0', 'plotly-resampler': 'Not installed', 'kaleido': '0.2.1', 'schemdraw': '0.15', 'statsmodels': '0.14.2', 'sktime': '0.26.0', 'tbats': '1.1.3', 'pmdarima': '2.0.4', 'psutil': '5.9.5', 'markupsafe': '2.1.5', 'pickle5': 'Not installed', 'cloudpickle': '2.2.1', 'deprecation': '2.1.0', 'xxhash': '3.4.1', 'wurlitzer': '3.1.0'}, 'python': {'version': '3.10.12', 'machine': 'x86_64'}}
  warnings.warn(

2024-05-07 15:49:23,018:INFO:Initializing load_model()
2024-05-07 15:49:23,018:INFO:load_model(model_name=classification_titanic, platform=None, authentication=None, verbose=True)
2024-05-07 15:49:23,027:WARNING:C:\Users\ojhag\anaconda3\envs\test567\lib\site-packages\pycaret\internal\pipeline.py:148: UserWarning: Version mismatch:
current: {'deps_info': {'pip': '23.3.1', 'setuptools': '69.5.1', 'pycaret': '3.3.2', 'IPython': '8.20.0', 'ipywidgets': '8.1.2', 'tqdm': '4.66.4', 'numpy': '1.26.4', 'pandas': '2.1.4', 'jinja2': '3.1.3', 'scipy': '1.11.4', 'joblib': '1.3.2', 'sklearn': '1.4.2', 'pyod': '1.1.3', 'imblearn': '0.12.2', 'category_encoders': '2.6.3', 'lightgbm': '4.3.0', 'numba': '0.59.1', 'requests': '2.31.0', 'matplotlib': '3.7.5', 'scikitplot': '0.3.7', 'yellowbrick': '1.5', 'plotly': '5.22.0', 'plotly-resampler': 'Not installed', 'kaleido': '0.2.1', 'schemdraw': '0.15', 'statsmodels': '0.14.2', 'sktime': '0.26.0', 'tbats': '1.1.3', 'pmdarima': '2.0.4', 'psutil': '5.9.0', 'markupsafe': '2.1.3', 'pickle5': 'Not installed', 'cloudpickle': '2.2.1', 'deprecation': '2.1.0', 'xxhash': '3.4.1', 'wurlitzer': 'Not installed'}, 'python': {'version': '3.10.14', 'machine': 'AMD64'}}
pickle: {'deps_info': {'pip': '23.1.2', 'setuptools': '67.7.2', 'pycaret': '3.3.2', 'IPython': '7.34.0', 'ipywidgets': '7.7.1', 'tqdm': '4.66.2', 'numpy': '1.25.2', 'pandas': '2.0.3', 'jinja2': '3.1.3', 'scipy': '1.11.4', 'joblib': '1.3.2', 'sklearn': '1.4.2', 'pyod': '1.1.3', 'imblearn': '0.12.2', 'category_encoders': '2.6.3', 'lightgbm': '4.1.0', 'numba': '0.58.1', 'requests': '2.31.0', 'matplotlib': '3.7.1', 'scikitplot': '0.3.7', 'yellowbrick': '1.5', 'plotly': '5.15.0', 'plotly-resampler': 'Not installed', 'kaleido': '0.2.1', 'schemdraw': '0.15', 'statsmodels': '0.14.2', 'sktime': '0.26.0', 'tbats': '1.1.3', 'pmdarima': '2.0.4', 'psutil': '5.9.5', 'markupsafe': '2.1.5', 'pickle5': 'Not installed', 'cloudpickle': '2.2.1', 'deprecation': '2.1.0', 'xxhash': '3.4.1', 'wurlitzer': '3.1.0'}, 'python': {'version': '3.10.12', 'machine': 'x86_64'}}
  warnings.warn(

2024-05-07 15:49:26,748:INFO:Initializing load_model()
2024-05-07 15:49:26,748:INFO:load_model(model_name=classification_titanic, platform=None, authentication=None, verbose=True)
2024-05-07 15:49:26,759:WARNING:C:\Users\ojhag\anaconda3\envs\test567\lib\site-packages\pycaret\internal\pipeline.py:148: UserWarning: Version mismatch:
current: {'deps_info': {'pip': '23.3.1', 'setuptools': '69.5.1', 'pycaret': '3.3.2', 'IPython': '8.20.0', 'ipywidgets': '8.1.2', 'tqdm': '4.66.4', 'numpy': '1.26.4', 'pandas': '2.1.4', 'jinja2': '3.1.3', 'scipy': '1.11.4', 'joblib': '1.3.2', 'sklearn': '1.4.2', 'pyod': '1.1.3', 'imblearn': '0.12.2', 'category_encoders': '2.6.3', 'lightgbm': '4.3.0', 'numba': '0.59.1', 'requests': '2.31.0', 'matplotlib': '3.7.5', 'scikitplot': '0.3.7', 'yellowbrick': '1.5', 'plotly': '5.22.0', 'plotly-resampler': 'Not installed', 'kaleido': '0.2.1', 'schemdraw': '0.15', 'statsmodels': '0.14.2', 'sktime': '0.26.0', 'tbats': '1.1.3', 'pmdarima': '2.0.4', 'psutil': '5.9.0', 'markupsafe': '2.1.3', 'pickle5': 'Not installed', 'cloudpickle': '2.2.1', 'deprecation': '2.1.0', 'xxhash': '3.4.1', 'wurlitzer': 'Not installed'}, 'python': {'version': '3.10.14', 'machine': 'AMD64'}}
pickle: {'deps_info': {'pip': '23.1.2', 'setuptools': '67.7.2', 'pycaret': '3.3.2', 'IPython': '7.34.0', 'ipywidgets': '7.7.1', 'tqdm': '4.66.2', 'numpy': '1.25.2', 'pandas': '2.0.3', 'jinja2': '3.1.3', 'scipy': '1.11.4', 'joblib': '1.3.2', 'sklearn': '1.4.2', 'pyod': '1.1.3', 'imblearn': '0.12.2', 'category_encoders': '2.6.3', 'lightgbm': '4.1.0', 'numba': '0.58.1', 'requests': '2.31.0', 'matplotlib': '3.7.1', 'scikitplot': '0.3.7', 'yellowbrick': '1.5', 'plotly': '5.15.0', 'plotly-resampler': 'Not installed', 'kaleido': '0.2.1', 'schemdraw': '0.15', 'statsmodels': '0.14.2', 'sktime': '0.26.0', 'tbats': '1.1.3', 'pmdarima': '2.0.4', 'psutil': '5.9.5', 'markupsafe': '2.1.5', 'pickle5': 'Not installed', 'cloudpickle': '2.2.1', 'deprecation': '2.1.0', 'xxhash': '3.4.1', 'wurlitzer': '3.1.0'}, 'python': {'version': '3.10.12', 'machine': 'x86_64'}}
  warnings.warn(

2024-05-07 15:49:34,134:INFO:Initializing load_model()
2024-05-07 15:49:34,134:INFO:load_model(model_name=classification_titanic, platform=None, authentication=None, verbose=True)
2024-05-07 15:49:34,142:WARNING:C:\Users\ojhag\anaconda3\envs\test567\lib\site-packages\pycaret\internal\pipeline.py:148: UserWarning: Version mismatch:
current: {'deps_info': {'pip': '23.3.1', 'setuptools': '69.5.1', 'pycaret': '3.3.2', 'IPython': '8.20.0', 'ipywidgets': '8.1.2', 'tqdm': '4.66.4', 'numpy': '1.26.4', 'pandas': '2.1.4', 'jinja2': '3.1.3', 'scipy': '1.11.4', 'joblib': '1.3.2', 'sklearn': '1.4.2', 'pyod': '1.1.3', 'imblearn': '0.12.2', 'category_encoders': '2.6.3', 'lightgbm': '4.3.0', 'numba': '0.59.1', 'requests': '2.31.0', 'matplotlib': '3.7.5', 'scikitplot': '0.3.7', 'yellowbrick': '1.5', 'plotly': '5.22.0', 'plotly-resampler': 'Not installed', 'kaleido': '0.2.1', 'schemdraw': '0.15', 'statsmodels': '0.14.2', 'sktime': '0.26.0', 'tbats': '1.1.3', 'pmdarima': '2.0.4', 'psutil': '5.9.0', 'markupsafe': '2.1.3', 'pickle5': 'Not installed', 'cloudpickle': '2.2.1', 'deprecation': '2.1.0', 'xxhash': '3.4.1', 'wurlitzer': 'Not installed'}, 'python': {'version': '3.10.14', 'machine': 'AMD64'}}
pickle: {'deps_info': {'pip': '23.1.2', 'setuptools': '67.7.2', 'pycaret': '3.3.2', 'IPython': '7.34.0', 'ipywidgets': '7.7.1', 'tqdm': '4.66.2', 'numpy': '1.25.2', 'pandas': '2.0.3', 'jinja2': '3.1.3', 'scipy': '1.11.4', 'joblib': '1.3.2', 'sklearn': '1.4.2', 'pyod': '1.1.3', 'imblearn': '0.12.2', 'category_encoders': '2.6.3', 'lightgbm': '4.1.0', 'numba': '0.58.1', 'requests': '2.31.0', 'matplotlib': '3.7.1', 'scikitplot': '0.3.7', 'yellowbrick': '1.5', 'plotly': '5.15.0', 'plotly-resampler': 'Not installed', 'kaleido': '0.2.1', 'schemdraw': '0.15', 'statsmodels': '0.14.2', 'sktime': '0.26.0', 'tbats': '1.1.3', 'pmdarima': '2.0.4', 'psutil': '5.9.5', 'markupsafe': '2.1.5', 'pickle5': 'Not installed', 'cloudpickle': '2.2.1', 'deprecation': '2.1.0', 'xxhash': '3.4.1', 'wurlitzer': '3.1.0'}, 'python': {'version': '3.10.12', 'machine': 'x86_64'}}
  warnings.warn(

2024-05-07 15:49:40,245:INFO:Initializing load_model()
2024-05-07 15:49:40,245:INFO:load_model(model_name=classification_titanic, platform=None, authentication=None, verbose=True)
2024-05-07 15:49:40,254:WARNING:C:\Users\ojhag\anaconda3\envs\test567\lib\site-packages\pycaret\internal\pipeline.py:148: UserWarning: Version mismatch:
current: {'deps_info': {'pip': '23.3.1', 'setuptools': '69.5.1', 'pycaret': '3.3.2', 'IPython': '8.20.0', 'ipywidgets': '8.1.2', 'tqdm': '4.66.4', 'numpy': '1.26.4', 'pandas': '2.1.4', 'jinja2': '3.1.3', 'scipy': '1.11.4', 'joblib': '1.3.2', 'sklearn': '1.4.2', 'pyod': '1.1.3', 'imblearn': '0.12.2', 'category_encoders': '2.6.3', 'lightgbm': '4.3.0', 'numba': '0.59.1', 'requests': '2.31.0', 'matplotlib': '3.7.5', 'scikitplot': '0.3.7', 'yellowbrick': '1.5', 'plotly': '5.22.0', 'plotly-resampler': 'Not installed', 'kaleido': '0.2.1', 'schemdraw': '0.15', 'statsmodels': '0.14.2', 'sktime': '0.26.0', 'tbats': '1.1.3', 'pmdarima': '2.0.4', 'psutil': '5.9.0', 'markupsafe': '2.1.3', 'pickle5': 'Not installed', 'cloudpickle': '2.2.1', 'deprecation': '2.1.0', 'xxhash': '3.4.1', 'wurlitzer': 'Not installed'}, 'python': {'version': '3.10.14', 'machine': 'AMD64'}}
pickle: {'deps_info': {'pip': '23.1.2', 'setuptools': '67.7.2', 'pycaret': '3.3.2', 'IPython': '7.34.0', 'ipywidgets': '7.7.1', 'tqdm': '4.66.2', 'numpy': '1.25.2', 'pandas': '2.0.3', 'jinja2': '3.1.3', 'scipy': '1.11.4', 'joblib': '1.3.2', 'sklearn': '1.4.2', 'pyod': '1.1.3', 'imblearn': '0.12.2', 'category_encoders': '2.6.3', 'lightgbm': '4.1.0', 'numba': '0.58.1', 'requests': '2.31.0', 'matplotlib': '3.7.1', 'scikitplot': '0.3.7', 'yellowbrick': '1.5', 'plotly': '5.15.0', 'plotly-resampler': 'Not installed', 'kaleido': '0.2.1', 'schemdraw': '0.15', 'statsmodels': '0.14.2', 'sktime': '0.26.0', 'tbats': '1.1.3', 'pmdarima': '2.0.4', 'psutil': '5.9.5', 'markupsafe': '2.1.5', 'pickle5': 'Not installed', 'cloudpickle': '2.2.1', 'deprecation': '2.1.0', 'xxhash': '3.4.1', 'wurlitzer': '3.1.0'}, 'python': {'version': '3.10.12', 'machine': 'x86_64'}}
  warnings.warn(

2024-05-07 15:49:59,441:INFO:Initializing load_model()
2024-05-07 15:49:59,441:INFO:load_model(model_name=classification_titanic, platform=None, authentication=None, verbose=True)
2024-05-07 15:49:59,451:WARNING:C:\Users\ojhag\anaconda3\envs\test567\lib\site-packages\pycaret\internal\pipeline.py:148: UserWarning: Version mismatch:
current: {'deps_info': {'pip': '23.3.1', 'setuptools': '69.5.1', 'pycaret': '3.3.2', 'IPython': '8.20.0', 'ipywidgets': '8.1.2', 'tqdm': '4.66.4', 'numpy': '1.26.4', 'pandas': '2.1.4', 'jinja2': '3.1.3', 'scipy': '1.11.4', 'joblib': '1.3.2', 'sklearn': '1.4.2', 'pyod': '1.1.3', 'imblearn': '0.12.2', 'category_encoders': '2.6.3', 'lightgbm': '4.3.0', 'numba': '0.59.1', 'requests': '2.31.0', 'matplotlib': '3.7.5', 'scikitplot': '0.3.7', 'yellowbrick': '1.5', 'plotly': '5.22.0', 'plotly-resampler': 'Not installed', 'kaleido': '0.2.1', 'schemdraw': '0.15', 'statsmodels': '0.14.2', 'sktime': '0.26.0', 'tbats': '1.1.3', 'pmdarima': '2.0.4', 'psutil': '5.9.0', 'markupsafe': '2.1.3', 'pickle5': 'Not installed', 'cloudpickle': '2.2.1', 'deprecation': '2.1.0', 'xxhash': '3.4.1', 'wurlitzer': 'Not installed'}, 'python': {'version': '3.10.14', 'machine': 'AMD64'}}
pickle: {'deps_info': {'pip': '23.1.2', 'setuptools': '67.7.2', 'pycaret': '3.3.2', 'IPython': '7.34.0', 'ipywidgets': '7.7.1', 'tqdm': '4.66.2', 'numpy': '1.25.2', 'pandas': '2.0.3', 'jinja2': '3.1.3', 'scipy': '1.11.4', 'joblib': '1.3.2', 'sklearn': '1.4.2', 'pyod': '1.1.3', 'imblearn': '0.12.2', 'category_encoders': '2.6.3', 'lightgbm': '4.1.0', 'numba': '0.58.1', 'requests': '2.31.0', 'matplotlib': '3.7.1', 'scikitplot': '0.3.7', 'yellowbrick': '1.5', 'plotly': '5.15.0', 'plotly-resampler': 'Not installed', 'kaleido': '0.2.1', 'schemdraw': '0.15', 'statsmodels': '0.14.2', 'sktime': '0.26.0', 'tbats': '1.1.3', 'pmdarima': '2.0.4', 'psutil': '5.9.5', 'markupsafe': '2.1.5', 'pickle5': 'Not installed', 'cloudpickle': '2.2.1', 'deprecation': '2.1.0', 'xxhash': '3.4.1', 'wurlitzer': '3.1.0'}, 'python': {'version': '3.10.12', 'machine': 'x86_64'}}
  warnings.warn(

2024-05-07 15:50:01,442:INFO:Initializing load_model()
2024-05-07 15:50:01,442:INFO:load_model(model_name=classification_titanic, platform=None, authentication=None, verbose=True)
2024-05-07 15:50:01,457:WARNING:C:\Users\ojhag\anaconda3\envs\test567\lib\site-packages\pycaret\internal\pipeline.py:148: UserWarning: Version mismatch:
current: {'deps_info': {'pip': '23.3.1', 'setuptools': '69.5.1', 'pycaret': '3.3.2', 'IPython': '8.20.0', 'ipywidgets': '8.1.2', 'tqdm': '4.66.4', 'numpy': '1.26.4', 'pandas': '2.1.4', 'jinja2': '3.1.3', 'scipy': '1.11.4', 'joblib': '1.3.2', 'sklearn': '1.4.2', 'pyod': '1.1.3', 'imblearn': '0.12.2', 'category_encoders': '2.6.3', 'lightgbm': '4.3.0', 'numba': '0.59.1', 'requests': '2.31.0', 'matplotlib': '3.7.5', 'scikitplot': '0.3.7', 'yellowbrick': '1.5', 'plotly': '5.22.0', 'plotly-resampler': 'Not installed', 'kaleido': '0.2.1', 'schemdraw': '0.15', 'statsmodels': '0.14.2', 'sktime': '0.26.0', 'tbats': '1.1.3', 'pmdarima': '2.0.4', 'psutil': '5.9.0', 'markupsafe': '2.1.3', 'pickle5': 'Not installed', 'cloudpickle': '2.2.1', 'deprecation': '2.1.0', 'xxhash': '3.4.1', 'wurlitzer': 'Not installed'}, 'python': {'version': '3.10.14', 'machine': 'AMD64'}}
pickle: {'deps_info': {'pip': '23.1.2', 'setuptools': '67.7.2', 'pycaret': '3.3.2', 'IPython': '7.34.0', 'ipywidgets': '7.7.1', 'tqdm': '4.66.2', 'numpy': '1.25.2', 'pandas': '2.0.3', 'jinja2': '3.1.3', 'scipy': '1.11.4', 'joblib': '1.3.2', 'sklearn': '1.4.2', 'pyod': '1.1.3', 'imblearn': '0.12.2', 'category_encoders': '2.6.3', 'lightgbm': '4.1.0', 'numba': '0.58.1', 'requests': '2.31.0', 'matplotlib': '3.7.1', 'scikitplot': '0.3.7', 'yellowbrick': '1.5', 'plotly': '5.15.0', 'plotly-resampler': 'Not installed', 'kaleido': '0.2.1', 'schemdraw': '0.15', 'statsmodels': '0.14.2', 'sktime': '0.26.0', 'tbats': '1.1.3', 'pmdarima': '2.0.4', 'psutil': '5.9.5', 'markupsafe': '2.1.5', 'pickle5': 'Not installed', 'cloudpickle': '2.2.1', 'deprecation': '2.1.0', 'xxhash': '3.4.1', 'wurlitzer': '3.1.0'}, 'python': {'version': '3.10.12', 'machine': 'x86_64'}}
  warnings.warn(

